[ 2018-12-06T15:24:22+08:00 ] 127.0.0.1 /index.php/home/index.html
INFO: [ app_init ] --START--
INFO: Run Behavior\BuildLiteBehavior [ RunTime:0.000038s ]
INFO: [ app_init ] --END-- [ RunTime:0.000722s ]
INFO: [ app_begin ] --START--
INFO: Run Behavior\ReadHtmlCacheBehavior [ RunTime:0.001408s ]
INFO: [ app_begin ] --END-- [ RunTime:0.003470s ]

[ 2018-12-06T15:24:22+08:00 ] 127.0.0.1 /Home/login/signin.html
INFO: [ app_init ] --START--
INFO: Run Behavior\BuildLiteBehavior [ RunTime:0.000021s ]
INFO: [ app_init ] --END-- [ RunTime:0.000363s ]
INFO: [ app_begin ] --START--
INFO: Run Behavior\ReadHtmlCacheBehavior [ RunTime:0.000522s ]
INFO: [ app_begin ] --END-- [ RunTime:0.000638s ]
INFO: [ view_parse ] --START--
INFO: [ template_filter ] --START--
INFO: Run Behavior\ContentReplaceBehavior [ RunTime:0.000153s ]
INFO: [ template_filter ] --END-- [ RunTime:0.000362s ]
INFO: Run Behavior\ParseTemplateBehavior [ RunTime:0.017055s ]
INFO: [ view_parse ] --END-- [ RunTime:0.017204s ]
INFO: [ view_filter ] --START--
INFO: Run Behavior\WriteHtmlCacheBehavior [ RunTime:0.000392s ]
INFO: [ view_filter ] --END-- [ RunTime:0.000483s ]
INFO: [ app_end ] --START--
INFO: Run Behavior\ShowPageTraceBehavior [ RunTime:0.000494s ]
INFO: [ app_end ] --END-- [ RunTime:0.000589s ]

[ 2018-12-06T15:24:35+08:00 ] 127.0.0.1 /Home/Login/login_in.html
INFO: [ app_init ] --START--
INFO: Run Behavior\BuildLiteBehavior [ RunTime:0.000025s ]
INFO: [ app_init ] --END-- [ RunTime:0.005096s ]
INFO: [ app_begin ] --START--
INFO: Run Behavior\ReadHtmlCacheBehavior [ RunTime:0.000686s ]
INFO: [ app_begin ] --END-- [ RunTime:0.000913s ]
SQL: SHOW COLUMNS FROM `m_gm_user` [ RunTime:0.0528s ]
SQL: SELECT * FROM `m_gm_user` WHERE `gm_id` = 'admin' AND `password` = '0a843435524af1a80278992e20abcaf8' LIMIT 1   [ RunTime:0.0444s ]

[ 2018-12-06T15:24:37+08:00 ] 127.0.0.1 /Home/index/index.html
INFO: [ app_init ] --START--
INFO: Run Behavior\BuildLiteBehavior [ RunTime:0.000039s ]
INFO: [ app_init ] --END-- [ RunTime:0.000591s ]
INFO: [ app_begin ] --START--
INFO: Run Behavior\ReadHtmlCacheBehavior [ RunTime:0.000425s ]
INFO: [ app_begin ] --END-- [ RunTime:0.000544s ]
SQL: SHOW COLUMNS FROM `m_user` [ RunTime:0.0598s ]
SQL: SELECT COUNT(*) AS tp_count FROM `m_user` LIMIT 1   [ RunTime:0.0399s ]
SQL: SHOW COLUMNS FROM `m_order` [ RunTime:0.0625s ]
SQL: SELECT COUNT(*) AS tp_count FROM `m_order` LIMIT 1   [ RunTime:0.0741s ]
SQL: SELECT SUM(charge_money) AS tp_sum FROM `m_order` WHERE `charge_status` = 3 LIMIT 1   [ RunTime:0.0710s ]
INFO: [ view_parse ] --START--
INFO: [ template_filter ] --START--
INFO: Run Behavior\ContentReplaceBehavior [ RunTime:0.000087s ]
INFO: [ template_filter ] --END-- [ RunTime:0.000194s ]
INFO: Run Behavior\ParseTemplateBehavior [ RunTime:0.015945s ]
INFO: [ view_parse ] --END-- [ RunTime:0.016058s ]
INFO: [ view_filter ] --START--
INFO: Run Behavior\WriteHtmlCacheBehavior [ RunTime:0.000307s ]
INFO: [ view_filter ] --END-- [ RunTime:0.000406s ]
INFO: [ app_end ] --START--
INFO: Run Behavior\ShowPageTraceBehavior [ RunTime:0.000485s ]
INFO: [ app_end ] --END-- [ RunTime:0.000579s ]

[ 2018-12-06T15:24:43+08:00 ] 127.0.0.1 /Home/Index/charge_manager/is_charge/1.html
INFO: [ app_init ] --START--
INFO: Run Behavior\BuildLiteBehavior [ RunTime:0.000075s ]
INFO: [ app_init ] --END-- [ RunTime:0.000787s ]
INFO: [ app_begin ] --START--
INFO: Run Behavior\ReadHtmlCacheBehavior [ RunTime:0.000873s ]
INFO: [ app_begin ] --END-- [ RunTime:0.001164s ]
SQL: SHOW COLUMNS FROM `m_order` [ RunTime:0.0385s ]
SQL: SELECT COUNT(*) AS tp_count FROM `m_order` WHERE `is_charge` = 1 LIMIT 1   [ RunTime:0.0356s ]
SQL: SELECT * FROM `m_order` WHERE `is_charge` = 1 ORDER BY addtime desc LIMIT 0,10   [ RunTime:0.0366s ]
INFO: [ view_parse ] --START--
INFO: [ template_filter ] --START--
INFO: Run Behavior\ContentReplaceBehavior [ RunTime:0.000215s ]
INFO: [ template_filter ] --END-- [ RunTime:0.000452s ]
NOTIC: [8] Undefined index: charge_status D:\myProject\local_mall\Application\Runtime\Cache\Home\aeaf7a6bb24850701d55203578f5b7f9.php 第 100 行.
NOTIC: [8] Undefined index: charge_status D:\myProject\local_mall\Application\Runtime\Cache\Home\aeaf7a6bb24850701d55203578f5b7f9.php 第 101 行.
NOTIC: [8] Undefined index: charge_status D:\myProject\local_mall\Application\Runtime\Cache\Home\aeaf7a6bb24850701d55203578f5b7f9.php 第 102 行.
NOTIC: [8] Undefined index: charge_status D:\myProject\local_mall\Application\Runtime\Cache\Home\aeaf7a6bb24850701d55203578f5b7f9.php 第 103 行.
NOTIC: [8] Undefined index: order_num D:\myProject\local_mall\Application\Runtime\Cache\Home\aeaf7a6bb24850701d55203578f5b7f9.php 第 113 行.
NOTIC: [8] Undefined index: phone D:\myProject\local_mall\Application\Runtime\Cache\Home\aeaf7a6bb24850701d55203578f5b7f9.php 第 121 行.
INFO: Run Behavior\ParseTemplateBehavior [ RunTime:0.023675s ]
INFO: [ view_parse ] --END-- [ RunTime:0.023783s ]
INFO: [ view_filter ] --START--
INFO: Run Behavior\WriteHtmlCacheBehavior [ RunTime:0.000350s ]
INFO: [ view_filter ] --END-- [ RunTime:0.000441s ]
INFO: [ app_end ] --START--
INFO: Run Behavior\ShowPageTraceBehavior [ RunTime:0.001149s ]
INFO: [ app_end ] --END-- [ RunTime:0.001349s ]

[ 2018-12-06T15:25:07+08:00 ] 127.0.0.1 /Home/Index/charge_manager/is_charge/2.html
INFO: [ app_init ] --START--
INFO: Run Behavior\BuildLiteBehavior [ RunTime:0.000023s ]
INFO: [ app_init ] --END-- [ RunTime:0.000401s ]
INFO: [ app_begin ] --START--
INFO: Run Behavior\ReadHtmlCacheBehavior [ RunTime:0.000483s ]
INFO: [ app_begin ] --END-- [ RunTime:0.000593s ]
SQL: SHOW COLUMNS FROM `m_order` [ RunTime:0.0414s ]
SQL: SELECT COUNT(*) AS tp_count FROM `m_order` WHERE `is_charge` = 2 LIMIT 1   [ RunTime:0.0457s ]
SQL: SELECT * FROM `m_order` WHERE `is_charge` = 2 ORDER BY addtime desc LIMIT 0,10   [ RunTime:0.0439s ]
INFO: [ view_parse ] --START--
INFO: [ template_filter ] --START--
INFO: Run Behavior\ContentReplaceBehavior [ RunTime:0.000139s ]
INFO: [ template_filter ] --END-- [ RunTime:0.000242s ]
NOTIC: [8] Undefined index: charge_status D:\myProject\local_mall\Application\Runtime\Cache\Home\aeaf7a6bb24850701d55203578f5b7f9.php 第 100 行.
NOTIC: [8] Undefined index: charge_status D:\myProject\local_mall\Application\Runtime\Cache\Home\aeaf7a6bb24850701d55203578f5b7f9.php 第 101 行.
NOTIC: [8] Undefined index: charge_status D:\myProject\local_mall\Application\Runtime\Cache\Home\aeaf7a6bb24850701d55203578f5b7f9.php 第 102 行.
NOTIC: [8] Undefined index: charge_status D:\myProject\local_mall\Application\Runtime\Cache\Home\aeaf7a6bb24850701d55203578f5b7f9.php 第 103 行.
NOTIC: [8] Undefined index: order_num D:\myProject\local_mall\Application\Runtime\Cache\Home\aeaf7a6bb24850701d55203578f5b7f9.php 第 113 行.
NOTIC: [8] Undefined index: phone D:\myProject\local_mall\Application\Runtime\Cache\Home\aeaf7a6bb24850701d55203578f5b7f9.php 第 121 行.
INFO: Run Behavior\ParseTemplateBehavior [ RunTime:0.020702s ]
INFO: [ view_parse ] --END-- [ RunTime:0.020806s ]
INFO: [ view_filter ] --START--
INFO: Run Behavior\WriteHtmlCacheBehavior [ RunTime:0.000432s ]
INFO: [ view_filter ] --END-- [ RunTime:0.000523s ]
INFO: [ app_end ] --START--
INFO: Run Behavior\ShowPageTraceBehavior [ RunTime:0.000633s ]
INFO: [ app_end ] --END-- [ RunTime:0.000778s ]

[ 2018-12-06T15:25:10+08:00 ] 127.0.0.1 /Home/Index/charge_manager/is_charge/1.html
INFO: [ app_init ] --START--
INFO: Run Behavior\BuildLiteBehavior [ RunTime:0.000022s ]
INFO: [ app_init ] --END-- [ RunTime:0.000457s ]
INFO: [ app_begin ] --START--
INFO: Run Behavior\ReadHtmlCacheBehavior [ RunTime:0.000377s ]
INFO: [ app_begin ] --END-- [ RunTime:0.000492s ]
SQL: SHOW COLUMNS FROM `m_order` [ RunTime:0.0426s ]
SQL: SELECT COUNT(*) AS tp_count FROM `m_order` WHERE `is_charge` = 1 LIMIT 1   [ RunTime:0.0421s ]
SQL: SELECT * FROM `m_order` WHERE `is_charge` = 1 ORDER BY addtime desc LIMIT 0,10   [ RunTime:0.0417s ]
INFO: [ view_parse ] --START--
INFO: [ template_filter ] --START--
INFO: Run Behavior\ContentReplaceBehavior [ RunTime:0.000138s ]
INFO: [ template_filter ] --END-- [ RunTime:0.000244s ]
NOTIC: [8] Undefined index: charge_status D:\myProject\local_mall\Application\Runtime\Cache\Home\aeaf7a6bb24850701d55203578f5b7f9.php 第 100 行.
NOTIC: [8] Undefined index: charge_status D:\myProject\local_mall\Application\Runtime\Cache\Home\aeaf7a6bb24850701d55203578f5b7f9.php 第 101 行.
NOTIC: [8] Undefined index: charge_status D:\myProject\local_mall\Application\Runtime\Cache\Home\aeaf7a6bb24850701d55203578f5b7f9.php 第 102 行.
NOTIC: [8] Undefined index: charge_status D:\myProject\local_mall\Application\Runtime\Cache\Home\aeaf7a6bb24850701d55203578f5b7f9.php 第 103 行.
NOTIC: [8] Undefined index: order_num D:\myProject\local_mall\Application\Runtime\Cache\Home\aeaf7a6bb24850701d55203578f5b7f9.php 第 113 行.
NOTIC: [8] Undefined index: phone D:\myProject\local_mall\Application\Runtime\Cache\Home\aeaf7a6bb24850701d55203578f5b7f9.php 第 121 行.
INFO: Run Behavior\ParseTemplateBehavior [ RunTime:0.022504s ]
INFO: [ view_parse ] --END-- [ RunTime:0.022607s ]
INFO: [ view_filter ] --START--
INFO: Run Behavior\WriteHtmlCacheBehavior [ RunTime:0.000377s ]
INFO: [ view_filter ] --END-- [ RunTime:0.000467s ]
INFO: [ app_end ] --START--
INFO: Run Behavior\ShowPageTraceBehavior [ RunTime:0.000444s ]
INFO: [ app_end ] --END-- [ RunTime:0.000554s ]

[ 2018-12-06T15:29:52+08:00 ] 127.0.0.1 /Home/Index/charge_manager/is_charge/1.html
INFO: [ app_init ] --START--
INFO: Run Behavior\BuildLiteBehavior [ RunTime:0.000026s ]
INFO: [ app_init ] --END-- [ RunTime:0.000405s ]
INFO: [ app_begin ] --START--
INFO: Run Behavior\ReadHtmlCacheBehavior [ RunTime:0.000498s ]
INFO: [ app_begin ] --END-- [ RunTime:0.000625s ]
SQL: SHOW COLUMNS FROM `m_order` [ RunTime:0.0455s ]
SQL: SELECT COUNT(*) AS tp_count FROM `m_order` WHERE `is_charge` = 1 LIMIT 1   [ RunTime:0.0419s ]
SQL: SELECT * FROM `m_order` WHERE `is_charge` = 1 ORDER BY addtime desc LIMIT 0,10   [ RunTime:0.0466s ]
INFO: [ view_parse ] --START--
INFO: [ template_filter ] --START--
INFO: Run Behavior\ContentReplaceBehavior [ RunTime:0.000116s ]
INFO: [ template_filter ] --END-- [ RunTime:0.000216s ]
NOTIC: [8] Undefined index: charge_status D:\myProject\local_mall\Application\Runtime\Cache\Home\aeaf7a6bb24850701d55203578f5b7f9.php 第 100 行.
NOTIC: [8] Undefined index: charge_status D:\myProject\local_mall\Application\Runtime\Cache\Home\aeaf7a6bb24850701d55203578f5b7f9.php 第 101 行.
NOTIC: [8] Undefined index: charge_status D:\myProject\local_mall\Application\Runtime\Cache\Home\aeaf7a6bb24850701d55203578f5b7f9.php 第 102 行.
NOTIC: [8] Undefined index: charge_status D:\myProject\local_mall\Application\Runtime\Cache\Home\aeaf7a6bb24850701d55203578f5b7f9.php 第 103 行.
NOTIC: [8] Undefined index: order_num D:\myProject\local_mall\Application\Runtime\Cache\Home\aeaf7a6bb24850701d55203578f5b7f9.php 第 113 行.
NOTIC: [8] Undefined index: phone D:\myProject\local_mall\Application\Runtime\Cache\Home\aeaf7a6bb24850701d55203578f5b7f9.php 第 121 行.
INFO: Run Behavior\ParseTemplateBehavior [ RunTime:0.022249s ]
INFO: [ view_parse ] --END-- [ RunTime:0.022391s ]
INFO: [ view_filter ] --START--
INFO: Run Behavior\WriteHtmlCacheBehavior [ RunTime:0.000357s ]
INFO: [ view_filter ] --END-- [ RunTime:0.000447s ]
INFO: [ app_end ] --START--
INFO: Run Behavior\ShowPageTraceBehavior [ RunTime:0.001176s ]
INFO: [ app_end ] --END-- [ RunTime:0.001390s ]

[ 2018-12-06T15:29:55+08:00 ] 127.0.0.1 /Home/Index/charge_manager/is_charge/1.html
INFO: [ app_init ] --START--
INFO: Run Behavior\BuildLiteBehavior [ RunTime:0.000022s ]
INFO: [ app_init ] --END-- [ RunTime:0.000370s ]
INFO: [ app_begin ] --START--
INFO: Run Behavior\ReadHtmlCacheBehavior [ RunTime:0.000707s ]
INFO: [ app_begin ] --END-- [ RunTime:0.000911s ]
SQL: SHOW COLUMNS FROM `m_order` [ RunTime:0.0429s ]
SQL: SELECT COUNT(*) AS tp_count FROM `m_order` WHERE `is_charge` = 1 LIMIT 1   [ RunTime:0.0416s ]
SQL: SELECT * FROM `m_order` WHERE `is_charge` = 1 ORDER BY addtime desc LIMIT 0,10   [ RunTime:0.0448s ]
INFO: [ view_parse ] --START--
INFO: [ template_filter ] --START--
INFO: Run Behavior\ContentReplaceBehavior [ RunTime:0.000128s ]
INFO: [ template_filter ] --END-- [ RunTime:0.000230s ]
NOTIC: [8] Undefined index: charge_status D:\myProject\local_mall\Application\Runtime\Cache\Home\aeaf7a6bb24850701d55203578f5b7f9.php 第 100 行.
NOTIC: [8] Undefined index: charge_status D:\myProject\local_mall\Application\Runtime\Cache\Home\aeaf7a6bb24850701d55203578f5b7f9.php 第 101 行.
NOTIC: [8] Undefined index: charge_status D:\myProject\local_mall\Application\Runtime\Cache\Home\aeaf7a6bb24850701d55203578f5b7f9.php 第 102 行.
NOTIC: [8] Undefined index: charge_status D:\myProject\local_mall\Application\Runtime\Cache\Home\aeaf7a6bb24850701d55203578f5b7f9.php 第 103 行.
NOTIC: [8] Undefined index: order_num D:\myProject\local_mall\Application\Runtime\Cache\Home\aeaf7a6bb24850701d55203578f5b7f9.php 第 113 行.
NOTIC: [8] Undefined index: phone D:\myProject\local_mall\Application\Runtime\Cache\Home\aeaf7a6bb24850701d55203578f5b7f9.php 第 121 行.
INFO: Run Behavior\ParseTemplateBehavior [ RunTime:0.024420s ]
INFO: [ view_parse ] --END-- [ RunTime:0.024541s ]
INFO: [ view_filter ] --START--
INFO: Run Behavior\WriteHtmlCacheBehavior [ RunTime:0.000295s ]
INFO: [ view_filter ] --END-- [ RunTime:0.000389s ]
INFO: [ app_end ] --START--
INFO: Run Behavior\ShowPageTraceBehavior [ RunTime:0.000808s ]
INFO: [ app_end ] --END-- [ RunTime:0.001000s ]

[ 2018-12-06T15:29:57+08:00 ] 127.0.0.1 /Home/Index/charge_manager/is_charge/2.html
INFO: [ app_init ] --START--
INFO: Run Behavior\BuildLiteBehavior [ RunTime:0.000033s ]
INFO: [ app_init ] --END-- [ RunTime:0.000476s ]
INFO: [ app_begin ] --START--
INFO: Run Behavior\ReadHtmlCacheBehavior [ RunTime:0.000402s ]
INFO: [ app_begin ] --END-- [ RunTime:0.000517s ]
SQL: SHOW COLUMNS FROM `m_order` [ RunTime:0.0495s ]
SQL: SELECT COUNT(*) AS tp_count FROM `m_order` WHERE `is_charge` = 2 LIMIT 1   [ RunTime:0.0390s ]
SQL: SELECT * FROM `m_order` WHERE `is_charge` = 2 ORDER BY addtime desc LIMIT 0,10   [ RunTime:0.0536s ]
INFO: [ view_parse ] --START--
INFO: [ template_filter ] --START--
INFO: Run Behavior\ContentReplaceBehavior [ RunTime:0.000184s ]
INFO: [ template_filter ] --END-- [ RunTime:0.000315s ]
NOTIC: [8] Undefined index: charge_status D:\myProject\local_mall\Application\Runtime\Cache\Home\aeaf7a6bb24850701d55203578f5b7f9.php 第 100 行.
NOTIC: [8] Undefined index: charge_status D:\myProject\local_mall\Application\Runtime\Cache\Home\aeaf7a6bb24850701d55203578f5b7f9.php 第 101 行.
NOTIC: [8] Undefined index: charge_status D:\myProject\local_mall\Application\Runtime\Cache\Home\aeaf7a6bb24850701d55203578f5b7f9.php 第 102 行.
NOTIC: [8] Undefined index: charge_status D:\myProject\local_mall\Application\Runtime\Cache\Home\aeaf7a6bb24850701d55203578f5b7f9.php 第 103 行.
NOTIC: [8] Undefined index: order_num D:\myProject\local_mall\Application\Runtime\Cache\Home\aeaf7a6bb24850701d55203578f5b7f9.php 第 113 行.
NOTIC: [8] Undefined index: phone D:\myProject\local_mall\Application\Runtime\Cache\Home\aeaf7a6bb24850701d55203578f5b7f9.php 第 121 行.
INFO: Run Behavior\ParseTemplateBehavior [ RunTime:0.042414s ]
INFO: [ view_parse ] --END-- [ RunTime:0.042715s ]
INFO: [ view_filter ] --START--
INFO: Run Behavior\WriteHtmlCacheBehavior [ RunTime:0.000319s ]
INFO: [ view_filter ] --END-- [ RunTime:0.000411s ]
INFO: [ app_end ] --START--
INFO: Run Behavior\ShowPageTraceBehavior [ RunTime:0.001394s ]
INFO: [ app_end ] --END-- [ RunTime:0.001603s ]

[ 2018-12-06T15:29:59+08:00 ] 127.0.0.1 /Home/Index/charge_manager/is_charge/1.html
INFO: [ app_init ] --START--
INFO: Run Behavior\BuildLiteBehavior [ RunTime:0.000028s ]
INFO: [ app_init ] --END-- [ RunTime:0.000582s ]
INFO: [ app_begin ] --START--
INFO: Run Behavior\ReadHtmlCacheBehavior [ RunTime:0.000509s ]
INFO: [ app_begin ] --END-- [ RunTime:0.000636s ]
SQL: SHOW COLUMNS FROM `m_order` [ RunTime:0.0556s ]
SQL: SELECT COUNT(*) AS tp_count FROM `m_order` WHERE `is_charge` = 1 LIMIT 1   [ RunTime:0.0444s ]
SQL: SELECT * FROM `m_order` WHERE `is_charge` = 1 ORDER BY addtime desc LIMIT 0,10   [ RunTime:0.0519s ]
INFO: [ view_parse ] --START--
INFO: [ template_filter ] --START--
INFO: Run Behavior\ContentReplaceBehavior [ RunTime:0.000145s ]
INFO: [ template_filter ] --END-- [ RunTime:0.000245s ]
NOTIC: [8] Undefined index: charge_status D:\myProject\local_mall\Application\Runtime\Cache\Home\aeaf7a6bb24850701d55203578f5b7f9.php 第 100 行.
NOTIC: [8] Undefined index: charge_status D:\myProject\local_mall\Application\Runtime\Cache\Home\aeaf7a6bb24850701d55203578f5b7f9.php 第 101 行.
NOTIC: [8] Undefined index: charge_status D:\myProject\local_mall\Application\Runtime\Cache\Home\aeaf7a6bb24850701d55203578f5b7f9.php 第 102 行.
NOTIC: [8] Undefined index: charge_status D:\myProject\local_mall\Application\Runtime\Cache\Home\aeaf7a6bb24850701d55203578f5b7f9.php 第 103 行.
NOTIC: [8] Undefined index: order_num D:\myProject\local_mall\Application\Runtime\Cache\Home\aeaf7a6bb24850701d55203578f5b7f9.php 第 113 行.
NOTIC: [8] Undefined index: phone D:\myProject\local_mall\Application\Runtime\Cache\Home\aeaf7a6bb24850701d55203578f5b7f9.php 第 121 行.
INFO: Run Behavior\ParseTemplateBehavior [ RunTime:0.023963s ]
INFO: [ view_parse ] --END-- [ RunTime:0.024075s ]
INFO: [ view_filter ] --START--
INFO: Run Behavior\WriteHtmlCacheBehavior [ RunTime:0.000307s ]
INFO: [ view_filter ] --END-- [ RunTime:0.000397s ]
INFO: [ app_end ] --START--
INFO: Run Behavior\ShowPageTraceBehavior [ RunTime:0.000939s ]
INFO: [ app_end ] --END-- [ RunTime:0.001166s ]

[ 2018-12-06T15:31:26+08:00 ] 127.0.0.1 /Home/Index/charge_manager/is_charge/1.html
INFO: [ app_init ] --START--
INFO: Run Behavior\BuildLiteBehavior [ RunTime:0.000021s ]
INFO: [ app_init ] --END-- [ RunTime:0.000394s ]
INFO: [ app_begin ] --START--
INFO: Run Behavior\ReadHtmlCacheBehavior [ RunTime:0.000385s ]
INFO: [ app_begin ] --END-- [ RunTime:0.000519s ]
SQL: SHOW COLUMNS FROM `m_order` [ RunTime:0.0500s ]
SQL: SELECT COUNT(*) AS tp_count FROM `m_order` WHERE `is_charge` = 1 LIMIT 1   [ RunTime:0.0388s ]
SQL: SELECT * FROM `m_order` WHERE `is_charge` = 1 ORDER BY addtime desc LIMIT 0,10   [ RunTime:0.0860s ]
INFO: [ view_parse ] --START--
INFO: [ template_filter ] --START--
INFO: Run Behavior\ContentReplaceBehavior [ RunTime:0.000132s ]
INFO: [ template_filter ] --END-- [ RunTime:0.000240s ]
NOTIC: [8] Undefined index: charge_status D:\myProject\local_mall\Application\Runtime\Cache\Home\aeaf7a6bb24850701d55203578f5b7f9.php 第 100 行.
NOTIC: [8] Undefined index: charge_status D:\myProject\local_mall\Application\Runtime\Cache\Home\aeaf7a6bb24850701d55203578f5b7f9.php 第 101 行.
NOTIC: [8] Undefined index: charge_status D:\myProject\local_mall\Application\Runtime\Cache\Home\aeaf7a6bb24850701d55203578f5b7f9.php 第 102 行.
NOTIC: [8] Undefined index: charge_status D:\myProject\local_mall\Application\Runtime\Cache\Home\aeaf7a6bb24850701d55203578f5b7f9.php 第 103 行.
NOTIC: [8] Undefined index: order_num D:\myProject\local_mall\Application\Runtime\Cache\Home\aeaf7a6bb24850701d55203578f5b7f9.php 第 113 行.
NOTIC: [8] Undefined index: phone D:\myProject\local_mall\Application\Runtime\Cache\Home\aeaf7a6bb24850701d55203578f5b7f9.php 第 121 行.
INFO: Run Behavior\ParseTemplateBehavior [ RunTime:0.025602s ]
INFO: [ view_parse ] --END-- [ RunTime:0.025790s ]
INFO: [ view_filter ] --START--
INFO: Run Behavior\WriteHtmlCacheBehavior [ RunTime:0.000271s ]
INFO: [ view_filter ] --END-- [ RunTime:0.000384s ]
INFO: [ app_end ] --START--
INFO: Run Behavior\ShowPageTraceBehavior [ RunTime:0.000770s ]
INFO: [ app_end ] --END-- [ RunTime:0.000986s ]

[ 2018-12-06T15:31:29+08:00 ] 127.0.0.1 /Home/Index/charge_manager/is_charge/2.html
INFO: [ app_init ] --START--
INFO: Run Behavior\BuildLiteBehavior [ RunTime:0.000046s ]
INFO: [ app_init ] --END-- [ RunTime:0.000784s ]
INFO: [ app_begin ] --START--
INFO: Run Behavior\ReadHtmlCacheBehavior [ RunTime:0.000393s ]
INFO: [ app_begin ] --END-- [ RunTime:0.000503s ]
SQL: SHOW COLUMNS FROM `m_order` [ RunTime:0.0518s ]
SQL: SELECT COUNT(*) AS tp_count FROM `m_order` WHERE `is_charge` = 2 LIMIT 1   [ RunTime:0.0373s ]
SQL: SELECT * FROM `m_order` WHERE `is_charge` = 2 ORDER BY addtime desc LIMIT 0,10   [ RunTime:0.0399s ]
INFO: [ view_parse ] --START--
INFO: [ template_filter ] --START--
INFO: Run Behavior\ContentReplaceBehavior [ RunTime:0.000242s ]
INFO: [ template_filter ] --END-- [ RunTime:0.000406s ]
NOTIC: [8] Undefined index: charge_status D:\myProject\local_mall\Application\Runtime\Cache\Home\aeaf7a6bb24850701d55203578f5b7f9.php 第 100 行.
NOTIC: [8] Undefined index: charge_status D:\myProject\local_mall\Application\Runtime\Cache\Home\aeaf7a6bb24850701d55203578f5b7f9.php 第 101 行.
NOTIC: [8] Undefined index: charge_status D:\myProject\local_mall\Application\Runtime\Cache\Home\aeaf7a6bb24850701d55203578f5b7f9.php 第 102 行.
NOTIC: [8] Undefined index: charge_status D:\myProject\local_mall\Application\Runtime\Cache\Home\aeaf7a6bb24850701d55203578f5b7f9.php 第 103 行.
NOTIC: [8] Undefined index: order_num D:\myProject\local_mall\Application\Runtime\Cache\Home\aeaf7a6bb24850701d55203578f5b7f9.php 第 113 行.
NOTIC: [8] Undefined index: phone D:\myProject\local_mall\Application\Runtime\Cache\Home\aeaf7a6bb24850701d55203578f5b7f9.php 第 121 行.
INFO: Run Behavior\ParseTemplateBehavior [ RunTime:0.035582s ]
INFO: [ view_parse ] --END-- [ RunTime:0.035907s ]
INFO: [ view_filter ] --START--
INFO: Run Behavior\WriteHtmlCacheBehavior [ RunTime:0.000252s ]
INFO: [ view_filter ] --END-- [ RunTime:0.000359s ]
INFO: [ app_end ] --START--
INFO: Run Behavior\ShowPageTraceBehavior [ RunTime:0.001423s ]
INFO: [ app_end ] --END-- [ RunTime:0.001634s ]

[ 2018-12-06T15:31:30+08:00 ] 127.0.0.1 /Home/Index/charge_manager/is_charge/1.html
INFO: [ app_init ] --START--
INFO: Run Behavior\BuildLiteBehavior [ RunTime:0.000046s ]
INFO: [ app_init ] --END-- [ RunTime:0.000573s ]
INFO: [ app_begin ] --START--
INFO: Run Behavior\ReadHtmlCacheBehavior [ RunTime:0.001073s ]
INFO: [ app_begin ] --END-- [ RunTime:0.001329s ]
SQL: SHOW COLUMNS FROM `m_order` [ RunTime:0.0468s ]
SQL: SELECT COUNT(*) AS tp_count FROM `m_order` WHERE `is_charge` = 1 LIMIT 1   [ RunTime:0.0395s ]
SQL: SELECT * FROM `m_order` WHERE `is_charge` = 1 ORDER BY addtime desc LIMIT 0,10   [ RunTime:0.0456s ]
INFO: [ view_parse ] --START--
INFO: [ template_filter ] --START--
INFO: Run Behavior\ContentReplaceBehavior [ RunTime:0.000143s ]
INFO: [ template_filter ] --END-- [ RunTime:0.000254s ]
NOTIC: [8] Undefined index: charge_status D:\myProject\local_mall\Application\Runtime\Cache\Home\aeaf7a6bb24850701d55203578f5b7f9.php 第 100 行.
NOTIC: [8] Undefined index: charge_status D:\myProject\local_mall\Application\Runtime\Cache\Home\aeaf7a6bb24850701d55203578f5b7f9.php 第 101 行.
NOTIC: [8] Undefined index: charge_status D:\myProject\local_mall\Application\Runtime\Cache\Home\aeaf7a6bb24850701d55203578f5b7f9.php 第 102 行.
NOTIC: [8] Undefined index: charge_status D:\myProject\local_mall\Application\Runtime\Cache\Home\aeaf7a6bb24850701d55203578f5b7f9.php 第 103 行.
NOTIC: [8] Undefined index: order_num D:\myProject\local_mall\Application\Runtime\Cache\Home\aeaf7a6bb24850701d55203578f5b7f9.php 第 113 行.
NOTIC: [8] Undefined index: phone D:\myProject\local_mall\Application\Runtime\Cache\Home\aeaf7a6bb24850701d55203578f5b7f9.php 第 121 行.
INFO: Run Behavior\ParseTemplateBehavior [ RunTime:0.032965s ]
INFO: [ view_parse ] --END-- [ RunTime:0.033145s ]
INFO: [ view_filter ] --START--
INFO: Run Behavior\WriteHtmlCacheBehavior [ RunTime:0.000244s ]
INFO: [ view_filter ] --END-- [ RunTime:0.000332s ]
INFO: [ app_end ] --START--
INFO: Run Behavior\ShowPageTraceBehavior [ RunTime:0.000641s ]
INFO: [ app_end ] --END-- [ RunTime:0.000767s ]

[ 2018-12-06T15:32:58+08:00 ] 127.0.0.1 /Home/Index/charge_manager/is_charge/1.html
INFO: [ app_init ] --START--
INFO: Run Behavior\BuildLiteBehavior [ RunTime:0.000022s ]
INFO: [ app_init ] --END-- [ RunTime:0.000410s ]
INFO: [ app_begin ] --START--
INFO: Run Behavior\ReadHtmlCacheBehavior [ RunTime:0.000505s ]
INFO: [ app_begin ] --END-- [ RunTime:0.000614s ]
SQL: SHOW COLUMNS FROM `m_order` [ RunTime:0.0464s ]
SQL: SELECT COUNT(*) AS tp_count FROM `m_order` WHERE `is_charge` = 1 LIMIT 1   [ RunTime:0.0438s ]
SQL: SELECT * FROM `m_order` WHERE `is_charge` = 1 ORDER BY addtime desc LIMIT 0,10   [ RunTime:0.0429s ]
INFO: [ view_parse ] --START--
INFO: [ template_filter ] --START--
INFO: Run Behavior\ContentReplaceBehavior [ RunTime:0.000126s ]
INFO: [ template_filter ] --END-- [ RunTime:0.000229s ]
NOTIC: [8] Undefined index: charge_status D:\myProject\local_mall\Application\Runtime\Cache\Home\aeaf7a6bb24850701d55203578f5b7f9.php 第 100 行.
NOTIC: [8] Undefined index: charge_status D:\myProject\local_mall\Application\Runtime\Cache\Home\aeaf7a6bb24850701d55203578f5b7f9.php 第 101 行.
NOTIC: [8] Undefined index: charge_status D:\myProject\local_mall\Application\Runtime\Cache\Home\aeaf7a6bb24850701d55203578f5b7f9.php 第 102 行.
NOTIC: [8] Undefined index: charge_status D:\myProject\local_mall\Application\Runtime\Cache\Home\aeaf7a6bb24850701d55203578f5b7f9.php 第 103 行.
NOTIC: [8] Undefined index: order_num D:\myProject\local_mall\Application\Runtime\Cache\Home\aeaf7a6bb24850701d55203578f5b7f9.php 第 113 行.
NOTIC: [8] Undefined index: phone D:\myProject\local_mall\Application\Runtime\Cache\Home\aeaf7a6bb24850701d55203578f5b7f9.php 第 121 行.
INFO: Run Behavior\ParseTemplateBehavior [ RunTime:0.023018s ]
INFO: [ view_parse ] --END-- [ RunTime:0.023159s ]
INFO: [ view_filter ] --START--
INFO: Run Behavior\WriteHtmlCacheBehavior [ RunTime:0.000434s ]
INFO: [ view_filter ] --END-- [ RunTime:0.000526s ]
INFO: [ app_end ] --START--
INFO: Run Behavior\ShowPageTraceBehavior [ RunTime:0.000740s ]
INFO: [ app_end ] --END-- [ RunTime:0.000932s ]

[ 2018-12-06T15:33:13+08:00 ] 127.0.0.1 /Home/Index/charge_manager/is_charge/1.html
INFO: [ app_init ] --START--
INFO: Run Behavior\BuildLiteBehavior [ RunTime:0.000022s ]
INFO: [ app_init ] --END-- [ RunTime:0.000385s ]
INFO: [ app_begin ] --START--
INFO: Run Behavior\ReadHtmlCacheBehavior [ RunTime:0.000458s ]
INFO: [ app_begin ] --END-- [ RunTime:0.000564s ]
SQL: SHOW COLUMNS FROM `m_order` [ RunTime:0.0787s ]
SQL: SELECT COUNT(*) AS tp_count FROM `m_order` WHERE `is_charge` = 1 LIMIT 1   [ RunTime:0.0414s ]
SQL: SELECT * FROM `m_order` WHERE `is_charge` = 1 ORDER BY addtime desc LIMIT 0,10   [ RunTime:0.0498s ]
INFO: [ view_parse ] --START--
INFO: [ template_filter ] --START--
INFO: Run Behavior\ContentReplaceBehavior [ RunTime:0.000128s ]
INFO: [ template_filter ] --END-- [ RunTime:0.000241s ]
NOTIC: [8] Undefined index: charge_status D:\myProject\local_mall\Application\Runtime\Cache\Home\aeaf7a6bb24850701d55203578f5b7f9.php 第 100 行.
NOTIC: [8] Undefined index: charge_status D:\myProject\local_mall\Application\Runtime\Cache\Home\aeaf7a6bb24850701d55203578f5b7f9.php 第 101 行.
NOTIC: [8] Undefined index: charge_status D:\myProject\local_mall\Application\Runtime\Cache\Home\aeaf7a6bb24850701d55203578f5b7f9.php 第 102 行.
NOTIC: [8] Undefined index: charge_status D:\myProject\local_mall\Application\Runtime\Cache\Home\aeaf7a6bb24850701d55203578f5b7f9.php 第 103 行.
NOTIC: [8] Undefined index: order_num D:\myProject\local_mall\Application\Runtime\Cache\Home\aeaf7a6bb24850701d55203578f5b7f9.php 第 113 行.
NOTIC: [8] Undefined index: phone D:\myProject\local_mall\Application\Runtime\Cache\Home\aeaf7a6bb24850701d55203578f5b7f9.php 第 121 行.
INFO: Run Behavior\ParseTemplateBehavior [ RunTime:0.031678s ]
INFO: [ view_parse ] --END-- [ RunTime:0.031877s ]
INFO: [ view_filter ] --START--
INFO: Run Behavior\WriteHtmlCacheBehavior [ RunTime:0.000361s ]
INFO: [ view_filter ] --END-- [ RunTime:0.000451s ]
INFO: [ app_end ] --START--
INFO: Run Behavior\ShowPageTraceBehavior [ RunTime:0.001027s ]
INFO: [ app_end ] --END-- [ RunTime:0.001190s ]

